<?xml version="1.0" encoding="UTF-8"?>
<testsuites name="jest tests" tests="4" failures="0" time="3.549">
  <testsuite name="Button" errors="0" failures="0" skipped="0" timestamp="2020-07-26T13:47:30" time="1.445" tests="2">
    <testcase classname="Button Rendering should match to snapshot - Primary" name="Button Rendering should match to snapshot - Primary" time="0.373">
    </testcase>
    <testcase classname="Button Rendering should match to snapshot - Secondary" name="Button Rendering should match to snapshot - Secondary" time="0.002">
    </testcase>
  </testsuite>
  <testsuite name="undefined" errors="0" failures="0" skipped="0" timestamp="2020-07-26T13:47:30" time="1.467" tests="1">
    <testcase classname=" renders correctly" name=" renders correctly" time="0.179">
    </testcase>
  </testsuite>
  <testsuite name="Button" errors="0" failures="0" skipped="0" timestamp="2020-07-26T13:47:30" time="1.809" tests="1">
    <testcase classname="Button Rendering should match to snapshot" name="Button Rendering should match to snapshot" time="0.29">
    </testcase>
  </testsuite>
</testsuites>